<?xml version="1.0" encoding="UTF-8"?>
<!-- Generated by org.testng.reporters.JUnitReportReporter -->
<testsuite hostname="ADMINIB-EKS3K6K" name="com.answer1991.account.service.pojo.TestValidateInputRegisterUserInfo" tests="2" failures="0" timestamp="18 Oct 2013 05:04:57 GMT" time="0.106" errors="0">
  <testcase name="testFactoryNotNull" time="0.005" classname="com.answer1991.account.service.pojo.TestValidateInputRegisterUserInfo"/>
  <testcase name="testValidateInputRegisterUserInfo" time="0.101" classname="com.answer1991.account.service.pojo.TestValidateInputRegisterUserInfo"/>
</testsuite> <!-- com.answer1991.account.service.pojo.TestValidateInputRegisterUserInfo -->
