<?xml version="1.0" encoding="UTF-8"?>
<!-- Generated by org.testng.reporters.JUnitReportReporter -->
<testsuite hostname="ADMINIB-EKS3K6K" name="com.answer1991.account.TestHello" tests="1" failures="0" timestamp="5 Dec 2013 09:08:13 GMT" time="0.012" errors="0">
  <testcase name="testGetMsg" time="0.012" classname="com.answer1991.account.TestHello"/>
</testsuite> <!-- com.answer1991.account.TestHello -->
