<?xml version="1.0" encoding="UTF-8"?>
<!-- Generated by org.testng.reporters.JUnitReportReporter -->
<testsuite hostname="ADMINIB-EKS3K6K" name="com.answer1991.account.service.pojo.TestValidateInputRegisterUserInfo" tests="2" failures="0" timestamp="18 Oct 2013 09:46:57 GMT" time="0.122" errors="0">
  <testcase name="testFactoryNotNull" time="0.025" classname="com.answer1991.account.service.pojo.TestValidateInputRegisterUserInfo"/>
  <testcase name="testValidateInputRegisterUserInfo" time="0.097" classname="com.answer1991.account.service.pojo.TestValidateInputRegisterUserInfo"/>
</testsuite> <!-- com.answer1991.account.service.pojo.TestValidateInputRegisterUserInfo -->
